read(17, "", 10)                        = 0
write(17, "\376\0!\2#", 5)              = 5
read(17, "\376\5a\2\2\1\1\0\0d", 10)    = 10
write(17, "\376\1&\6\1 ", 6)            = 6
read(17, "\376", 1)                     = 1
read(17, "\t", 1)                       = 1
read(17, "f\6\1\"\4\202\0\0K\22\0", 11) = 11
read(17, "\225", 1)                     = 1
write(17, "\376\1A\0\0@", 6)            = 6
read(17, "\376", 1)                     = 1
read(17, "\6", 1)                       = 1
read(17, "A\200\2\0\0\0\0\0", 8)        = 8
read(17, "\305", 1)                     = 1
write(17, "\376\3&\5\3\1\2 ", 8)        = 8
read(17, "\376", 1)                     = 1
read(17, "\1", 1)                       = 1
read(17, "f\5\0", 3)                    = 3
read(17, "b", 1)                        = 1
write(17, "\376\3&\5\207\1\0\246", 8)   = 8
read(17, "\376", 1)                     = 1
read(17, "\1", 1)                       = 1
read(17, "f\5\0", 3)                    = 3
read(17, "b", 1)                        = 1
write(17, "\376\1A\0\0@", 6)            = 6
read(17, "\376", 1)                     = 1
read(17, "\6", 1)                       = 1
read(17, "A\200", 8)                    = 2
read(17, "\2\0\0\0\0\0", 6)             = 6
read(17, "\305", 1)                     = 1
write(17, "\376\4&\5\203\2D\4\346", 9)  = 9
read(17, "\376", 1)                     = 1
read(17, "\1", 1)                       = 1
read(17, "f\5\0", 3)                    = 3
read(17, "b", 1)                        = 1
write(17, "\376\6&\5\204\4\0\0\1\0\244", 11) = 11
read(17, "\376", 1)                     = 1
read(17, "\1", 1)                       = 1
read(17, "f\5\0", 3)                    = 3
read(17, "b", 1)                        = 1
write(17, "\376\1A\0\0@", 6)            = 6
read(17, "\376", 1)                     = 1
read(17, "\6", 1)                       = 1
read(17, "A\200\2\0\0\0\0\0", 8)        = 8
read(17, "\305", 1)                     = 1
write(17, "\376\0&\0&", 5)              = 5
read(17, "\376", 1)                     = 1
read(17, "\0", 1)                       = 1
read(17, "f\0", 2)                      = 2
read(17, "f", 1)                        = 1
write(17, "\376%&\n\1D\4\0\0\1\0\6\201\0\202\0\301\0\203\0\373\0\375\0\10\1\0A\0\2\0B\0\3\0C\0\372\0\374\0F", 42) = 42
read(17, "\376", 1)                     = 1
read(17, "\1", 1)                       = 1
read(17, "f", 3)                        = 1
read(17, "\n\0", 2)                     = 2
read(17, "m", 1)                        = 1
read(17, "\376", 1)                     = 1
read(17, "\1", 1)                       = 1
read(17, "F\200\0", 3)                  = 3
read(17, "\307", 1)                     = 1
write(17, "\376\1&\6\6'", 6)            = 6
read(17, "\376", 1)                     = 1
read(17, "\t", 1)                       = 1
read(17, "f\6\6E\4\0\307\5", 11)        = 8
read(17, "\0\0\374", 3)                 = 3
read(17, "\20", 1)                      = 1
write(17, "\376\3&\10\374\377\377\321", 8) = 8
read(17, "\376", 1)                     = 1
read(17, "\1", 1)                       = 1
read(17, "f\10\0", 3)                   = 3
read(17, "o", 1)                        = 1
write(17, "\376\1&\6\0!", 6)            = 6
read(17, "\376", 1)                     = 1
read(17, "\t", 1)                       = 1
read(17, "f\6\0\t\"\4\202", 11)         = 7
read(17, "\5\0\0\374", 4)               = 4
read(17, "=", 1)                        = 1
write(17, "\376\3&\10\374\377\377\321", 8) = 8
read(17, "\376", 1)                     = 1
read(17, "\1", 1)                       = 1
read(17, "f\10", 3)                     = 2
read(17, "\0", 1)                       = 1
read(17, "o", 1)                        = 1
write(17, "\376\1&\6\0!", 6)            = 6
read(17, "\376", 1)                     = 1
read(17, "\t", 1)                       = 1
read(17, "f\6\0\t\"\4\202", 11)         = 7
read(17, "\5\0\0\374", 4)               = 4
read(17, "=", 1)                        = 1
write(17, "\376\3&\10\374\377\377\321", 8) = 8
read(17, "\376", 1)                     = 1
read(17, "\1", 1)                       = 1
read(17, "f\10\0", 3)                   = 3
read(17, "o", 1)                        = 1
write(17, "\376\1&\6\0!", 6)            = 6
read(17, "\376", 1)                     = 1
read(17, "\t", 1)                       = 1
read(17, "f\6\0\t\"", 11)               = 5
read(17, "\4\202\5\0\0\374", 6)         = 6
read(17, "=", 1)                        = 1
write(17, "\376\3&\10\374\377\377\321", 8) = 8
read(17, "\376", 1)                     = 1
read(17, "\1", 1)                       = 1
read(17, "f\10", 3)                     = 2
read(17, "\0", 1)                       = 1
read(17, "o", 1)                        = 1
write(17, "\376\1&\6\0!", 6)            = 6
read(17, "\376", 1)                     = 1
read(17, "\t", 1)                       = 1
read(17, "f\6\0\t\"\4\202\5", 11)       = 8
read(17, "\0\0\374", 3)                 = 3
read(17, "=", 1)                        = 1
write(17, "\376\3&\10\374\377\377\321", 8) = 8
read(17, "\376", 1)                     = 1
read(17, "\1", 1)                       = 1
read(17, "f\10\0", 3)                   = 3
read(17, "o", 1)                        = 1
write(17, "\376\1&\6\0!", 6)            = 6
read(17, "\376", 1)                     = 1
read(17, "\t", 1)                       = 1
read(17, "f\6\0\t\"\4\202\5\0\0\374", 11) = 11
read(17, "=", 1)                        = 1
write(17, "\376\3&\10\374\377\377\321", 8) = 8
read(17, "\376", 1)                     = 1
read(17, "\1", 1)                       = 1
read(17, "f\10\0", 3)                   = 3
read(17, "o", 1)                        = 1
write(17, "\376\1&\6\0!", 6)            = 6
read(17, "\376", 1)                     = 1
read(17, "\t", 1)                       = 1
read(17, "f\6\0\t\"\4", 11)             = 6
read(17, "\202\5\0\0\374", 5)           = 5
read(17, "=", 1)                        = 1
write(17, "\376\3&\10\374\377\377\321", 8) = 8
read(17, "\376", 1)                     = 1
read(17, "\1", 1)                       = 1
read(17, "f\10\0", 3)                   = 3
read(17, "o", 1)                        = 1
write(17, "\376\1&\6\0!", 6)            = 6
read(17, "\376", 1)                     = 1
read(17, "\t", 1)                       = 1
read(17, "f\6\0\t\"", 11)               = 5
read(17, "\4\202\5\0\0\374", 6)         = 6
read(17, "=", 1)                        = 1
write(17, "\376\3&\10\374\377\377\321", 8) = 8
read(17, "\376", 1)                     = 1
read(17, "\1", 1)                       = 1
read(17, "f\10", 3)                     = 2
read(17, "\0", 1)                       = 1
read(17, "o", 1)                        = 1
read(17, "\376", 1)                     = 1
read(17, "\3", 1)                       = 1
read(17, "E\266\1\0", 5)                = 4
read(17, "\0", 1)                       = 1
read(17, "\361", 1)                     = 1
read(17, "\376", 1)                     = 1
read(17, "\23", 1)                      = 1
read(17, "F\207\1\0\373\0", 21)         = 6
read(17, "\r\0\0\1\0\261\1-'\202\0\0", 15) = 12
read(17, "K\22\0", 3)                   = 3
read(17, "E", 1)                        = 1
write(17, "\376\v&\3\1\0\372\0\0\0\377\3\0\261\1\231", 16) = 16
read(17, "\376", 1)                     = 1
read(17, "\0", 1)                       = 1
read(17, "f\3", 2)                      = 2
read(17, "e", 1)                        = 1
write(17, "\376\f&\3\1\0\1\0\1\377\377\4\347\221\264N\240", 17) = 17
read(17, "\376", 1)                     = 1
read(17, "\2", 1)                       = 1
read(17, "F\203", 4)                    = 2
read(17, "\0\0", 2)                     = 2
read(17, "\307", 1)                     = 1
read(17, "\376", 1)                     = 1
read(17, "\0", 1)                       = 1
read(17, "f\3", 2)                      = 2
read(17, "e", 1)                        = 1
write(17, "\376\10&\3\1\0\252\0\2\0\377\0{", 13) = 13
read(17, "\376", 1)                     = 1
read(17, "\2", 1)                       = 1
read(17, "F\203\1\0", 4)                = 4
read(17, "\306", 1)                     = 1
read(17, "\376", 1)                     = 1
read(17, "\0", 1)                       = 1
read(17, "f\3", 2)                      = 2
read(17, "e", 1)                        = 1
read(17, "\376", 1)                     = 1
read(17, "\2", 1)                       = 1
read(17, "F\203\2\0", 4)                = 4
read(17, "\305", 1)                     = 1
read(17, "\376", 1)                     = 1
read(17, " ", 1)                        = 1
read(17, "F\207\1\0\301\0\32\0\350\221\264N\377\177yZ,\0\0\0h\0\0\0\0\0\0\0\0\0\0\0\200\0", 34) = 34
read(17, "\337", 1)                     = 1
write(17, "\376\1&\6\0!", 6)            = 6
read(17, "\376", 1)                     = 1
read(17, "\t", 1)                       = 1
read(17, "f\6\0\txj\332\5\0", 11)       = 9
read(17, "\264N", 2)                    = 2
read(17, "W", 1)                        = 1
write(17, "\376\3&\10\374\377\377\321", 8) = 8
read(17, "\376", 1)                     = 1
read(17, "\1", 1)                       = 1
read(17, "f\10\0", 3)                   = 3
read(17, "o", 1)                        = 1
read(17, "\376", 1)                     = 1
read(17, "\3", 1)                       = 1
read(17, "E\266\1", 5)                  = 3
read(17, "\0\0", 2)                     = 2
read(17, "\361", 1)                     = 1
read(17, "\376", 1)                     = 1
read(17, " ", 1)                        = 1
read(17, "F\207\1\0\301\0\32\0\351\221\264N\377\177\276Z,\0\0\0h\0\0\0\0\0\0\0\0\0\0\0\200\0", 34) = 34
read(17, "\31", 1)                      = 1
read(17, "\376", 1)                     = 1
read(17, " ", 1)                        = 1
read(17, "F\207\1\0\301\0\32\0\352\221\264N\377\177\177Z,\0\0\0h\0\0\0\0\0\0\0\0\0\0\0\200\0", 34) = 34
read(17, "\333", 1)                     = 1
read(17, "\376", 1)                     = 1
read(17, " ", 1)                        = 1
read(17, "F\207\1\0\301\0\32\0\353\221\264", 34) = 11
read(17, "N\377\177\305Z,\0\0\0h\0", 23) = 11
read(17, "\0\0\0\0\0\0\0\0\0\0\200\0", 12) = 12
read(17, "`", 1)                        = 1
read(17, "\376", 1)                     = 1
read(17, " ", 1)                        = 1
read(17, "F\207\1\0\301\0\32\0\354\221\264N", 34) = 12
read(17, "\377\177sZ,\0\0\0h\0\0\0\0\0\0\0\0\0\0\0\200\0", 22) = 22
read(17, "\321", 1)                     = 1
read(17, "\376", 1)                     = 1
read(17, " ", 1)                        = 1
read(17, "F", 34)                       = 1
read(17, "\207\1\0\301\0\32\0\355\221\264N", 33) = 11
read(17, "\377\177\317Z,\0\0\0h\0\0\0\0\0\0\0\0\0\0\0\200\0", 22) = 22
read(17, "l", 1)                        = 1
write(17, "\376\1&\6\0!", 6)            = 6
read(17, "\376", 1)                     = 1
read(17, "\t", 1)                       = 1
read(17, "f\6\0\t@\0{\5\0\264N", 11)    = 11
read(17, "\244", 1)                     = 1
write(17, "\376\3&\10\374\377\377\321", 8) = 8
read(17, "\376", 1)                     = 1
read(17, "\1", 1)                       = 1
read(17, "f\10\0", 3)                   = 3
read(17, "o", 1)                        = 1
read(17, "\376", 1)                     = 1
read(17, "\3", 1)                       = 1
read(17, "E\266\1\0\0", 5)              = 5
read(17, "\361", 1)                     = 1
read(17, "\376", 1)                     = 1
read(17, " ", 1)                        = 1
read(17, "F\207\1\0\301", 34)           = 5
read(17, "\0\32\0\356\221\264N\377\177\200Z", 29) = 11
read(17, ",\0\0\0h\0\0\0\0\0\0\0", 18)  = 12
read(17, "\0\0\0\0\200\0", 6)           = 6
read(17, " ", 1)                        = 1
read(17, "\376", 1)                     = 1
read(17, " ", 1)                        = 1
read(17, "F\207\1\0\301\0\32\0\357\221\264N", 34) = 12
read(17, "\377\177\317Z,\0\0\0h\0\0", 22) = 11
read(17, "\0\0\0\0\0\0\0\0\0\200\0", 11) = 11
read(17, "n", 1)                        = 1
read(17, "\376", 1)                     = 1
read(17, " ", 1)                        = 1
read(17, "F", 34)                       = 1
read(17, "\207\1\0\301\0\32\0\360\221\264N\377", 33) = 12
read(17, "\177\215Z,\0\0\0h\0\0\0\0", 21) = 12
read(17, "\0\0\0\0\0\0\0\200\0", 9)     = 9
read(17, "3", 1)                        = 1
read(17, "\376", 1)                     = 1
read(17, " ", 1)                        = 1
read(17, "F\207\1\0\301\0\32\0\361\221\264", 34) = 11
read(17, "N\377\177\306Z,\0\0\0i\0", 23) = 11
read(17, "\0\0\0\0\0\0\0\0\0\0\200\0", 12) = 12
read(17, "x", 1)                        = 1
read(17, "\376", 1)                     = 1
read(17, "\23", 1)                      = 1
read(17, "F\207", 21)                   = 2
read(17, "\1\0\373\0\r\0\0\1\0\261\1-", 19) = 12
read(17, "'\202\0\0K\22\0", 7)          = 7
read(17, "E", 1)                        = 1
write(17, "\376\v&\3\1\0\372\0\0\0\377\3\0\261\1\231", 16) = 16
read(17, "\376", 1)                     = 1
read(17, "\0", 1)                       = 1
read(17, "f\3", 2)                      = 2
read(17, "e", 1)                        = 1
read(17, "\376", 1)                     = 1
read(17, "\2", 1)                       = 1
read(17, "F\203\0\0", 4)                = 4
read(17, "\307", 1)                     = 1
read(17, "\376", 1)                     = 1
read(17, " ", 1)                        = 1
read(17, "F\207\1\0\301\0\32\0\362\221\264N", 34) = 12
read(17, "\377\177\232Z,\0\0\0h\0\0", 22) = 11
read(17, "\0\0\0\0\0\0\0\0\0\200\0", 11) = 11
read(17, "&", 1)                        = 1
write(17, "\376\1&\6\0!", 6)            = 6
read(17, "\376", 1)                     = 1
read(17, "\t", 1)                       = 1
read(17, "f\6\0\txj\332\5\0\1", 11)     = 10
read(17, "N", 1)                        = 1
read(17, "\342", 1)                     = 1
write(17, "\376\3&\10\374\377\377\321", 8) = 8
read(17, "\376", 1)                     = 1
read(17, "\1", 1)                       = 1
read(17, "f\10\0", 3)                   = 3
read(17, "o", 1)                        = 1
read(17, "\376", 1)                     = 1
read(17, "\3", 1)                       = 1
read(17, "E\266\1\0\0", 5)              = 5
read(17, "\361", 1)                     = 1
read(17, "\376", 1)                     = 1
read(17, " ", 1)                        = 1
read(17, "F\207\1\0\301\0", 34)         = 6
read(17, "\32\0\363\221\264N\377\177\277Z,\0", 28) = 12
read(17, "\0\0i\0\0\0\0\0\0\0\0", 16)   = 11
read(17, "\0\0\0\200\0", 5)             = 5
read(17, "\3", 1)                       = 1
read(17, "\376", 1)                     = 1
read(17, " ", 1)                        = 1
read(17, "F\207\1\0\301\0\32\0\364\221\264", 34) = 11
read(17, "N\377\177\250Z,\0\0\0h\0", 23) = 11
read(17, "\0\0\0\0\0\0\0\0\0\0\200\0", 12) = 12
read(17, "\22", 1)                      = 1
read(17, "\376", 1)                     = 1
read(17, " ", 1)                        = 1
read(17, "F\207\1\0\301\0\32\0\365\221\264N\377\177\256Z,\0\0\0h\0\0\0\0\0\0\0\0\0\0\0\200\0", 34) = 34
read(17, "\25", 1)                      = 1
read(17, "\376", 1)                     = 1
read(17, " ", 1)                        = 1
read(17, "F\207\1\0\301\0\32\0\366\221\264N", 34) = 12
read(17, "\377\177\271Z,\0\0\0h\0\0", 22) = 11
read(17, "\0\0\0\0\0\0\0\0\0\200\0", 11) = 11
read(17, "\1", 1)                       = 1
read(17, "\376", 1)                     = 1
read(17, " ", 1)                        = 1
read(17, "F\207\1\0\301\0\32", 34)      = 7
read(17, "\0\367\221\264N\377\177\251Z,\0\0", 27) = 12
read(17, "\0h\0\0\0\0\0\0\0\0\0\0", 15) = 12
read(17, "\0\200\0", 3)                 = 3
read(17, "\20", 1)                      = 1
write(17, "\376\t&\3\1\0\2\0\3\377\377\1\377\322", 14) = 14
read(17, "\376", 1)                     = 1
read(17, "\0", 1)                       = 1
read(17, "f\3", 2)                      = 2
read(17, "e", 1)                        = 1
read(17, "\376", 1)                     = 1
read(17, "\2", 1)                       = 1
read(17, "F\203\3\0", 4)                = 4
read(17, "\304", 1)                     = 1
read(17, "\376", 1)                     = 1
read(17, " ", 1)                        = 1
read(17, "F\207\1", 34)                 = 3
read(17, "\0\301\0\32\0\367\221\264N\0\202", 31) = 11
read(17, "\0\1\0\377\0\0h\0\0\0\0\0", 20) = 12
read(17, "\0\0\0\0\0\0\202\0", 8)       = 8
read(17, "1", 1)                        = 1
write(17, "\376\1&\6\0!", 6)            = 6
read(17, "\376", 1)                     = 1
read(17, "\t", 1)                       = 1
read(17, "f\6\0\txj\332\5\0\0", 11)     = 10
read(17, "N", 1)                        = 1
read(17, "\343", 1)                     = 1
write(17, "\376\3&\10\374\377\377\321", 8) = 8
read(17, "\376", 1)                     = 1
read(17, "\1", 1)                       = 1
read(17, "f\10\0", 3)                   = 3
read(17, "o", 1)                        = 1
read(17, "\376", 1)                     = 1
read(17, "\3", 1)                       = 1
read(17, "E\266\1\0\0", 5)              = 5
read(17, "\361", 1)                     = 1
read(17, "\376", 1)                     = 1
read(17, " ", 1)                        = 1
read(17, "F\207\1\0\301", 34)           = 5
read(17, "\0\32\0\370\221\264N\377\177\303Z,", 29) = 12
read(17, "\0\0\0h\0\0\0\0\0\0\0", 17)   = 11
read(17, "\0\0\0\0\200\0", 6)           = 6
read(17, "u", 1)                        = 1
read(17, "\376", 1)                     = 1
read(17, " ", 1)                        = 1
read(17, "F\207\1\0\301\0\32\0\371\221\264", 34) = 11
read(17, "N\377\177\224Z,\0\0\0h\0\0", 23) = 12
read(17, "\0\0\0\0\0\0\0\0\0\200\0", 11) = 11
read(17, "#", 1)                        = 1
read(17, "\376", 1)                     = 1
read(17, " ", 1)                        = 1
read(17, "F\207\1\0\301\0", 34)         = 6
read(17, "\32\0\372\221\264N\377\177\317Z,\0\0\0h\0\0\0\0\0\0\0\0", 28) = 23
read(17, "\0\0\0\200\0", 5)             = 5
read(17, "{", 1)                        = 1
read(17, "\376", 1)                     = 1
read(17, " ", 1)                        = 1
read(17, "F\207\1\0\301\0\32", 34)      = 7
read(17, "\0\373\221\264N\377\177xZ.\0", 27) = 11
read(17, "\0\0i\0\0\0\0\0\0\0\0\0", 16) = 12
read(17, "\0\0\200\0", 4)               = 4
read(17, "\316", 1)                     = 1
read(17, "\376", 1)                     = 1
read(17, "\23", 1)                      = 1
read(17, "F\207\1\0\373\0\r\0\0\1\0\261", 21) = 12
read(17, "\1-'\202\0\0K\22\0", 9)       = 9
read(17, "E", 1)                        = 1
write(17, "\376\v&\3\1\0\372\0\0\0\377\3\0\261\1\231", 16) = 16
read(17, "\376", 1)                     = 1
read(17, "\0", 1)                       = 1
read(17, "f\3", 2)                      = 2
read(17, "e", 1)                        = 1
read(17, "\376", 1)                     = 1
read(17, "\2", 1)                       = 1
read(17, "F\203\0\0", 4)                = 4
read(17, "\307", 1)                     = 1
read(17, "\376", 1)                     = 1
read(17, " ", 1)                        = 1
read(17, "F\207\1\0\301\0\32\0\374\221\264N\377\177\265Z,\0\0\0i\0\0\0", 34) = 24
read(17, "", 10)                        = 0
read(17, "", 10)                        = 0
read(17, "", 10)                        = 0
read(17, "", 10)                        = 0
read(17, "", 10)                        = 0
read(17, "", 10)                        = 0
read(17, "", 10)                        = 0
read(17, "", 10)                        = 0
read(17, "", 10)                        = 0
read(17, "", 10)                        = 0
read(17, "", 10)                        = 0
read(17, "", 10)                        = 0
read(17, "", 10)                        = 0
read(17, "", 10)                        = 0
read(17, "", 10)                        = 0
read(17, "", 10)                        = 0
read(17, "", 10)                        = 0
read(17, "", 10)                        = 0
read(17, "", 10)                        = 0
read(17, "", 10)                        = 0
read(17, "", 10)                        = 0
read(17, "", 10)                        = 0
read(17, "", 10)                        = 0
read(17, "", 10)                        = 0
read(17, "", 10)                        = 0
read(17, "", 10)                        = 0
read(17, "", 10)                        = 0
read(17, "\0\0\0\0\0\0\0\0\200\0", 10)  = 10
read(17, "\6", 1)                       = 1
write(17, "\376\1&\6\0!", 6)            = 6
read(17, "\376", 1)                     = 1
read(17, "\t", 1)                       = 1
read(17, "f\6\0\t{k\333\5\0\1", 11)     = 10
read(17, "N", 1)                        = 1
read(17, "\341", 1)                     = 1
write(17, "\376\3&\10\374\377\377\321", 8) = 8
read(17, "\376", 1)                     = 1
read(17, "\1", 1)                       = 1
read(17, "f\10\0", 3)                   = 3
read(17, "o", 1)                        = 1
read(17, "\376", 1)                     = 1
read(17, "\3", 1)                       = 1
read(17, "E\266\1\0\0", 5)              = 5
read(17, "\361", 1)                     = 1
read(17, "\376", 1)                     = 1
read(17, " ", 1)                        = 1
read(17, "F\207\1\0\301\0\32\0\375\221\264", 34) = 11
read(17, "N\377\177\177Z,\0\0\0h\0\0", 23) = 12
read(17, "\0\0\0\0\0\0\0\0\0\200\0", 11) = 11
read(17, "\314", 1)                     = 1
read(17, "\376", 1)                     = 1
read(17, " ", 1)                        = 1
read(17, "F\207", 34)                   = 2
read(17, "\1\0\301\0\32\0\376\221\264N\377\177", 32) = 12
read(17, "\300Z,\0\0\0h\0\0\0\0", 20)   = 11
read(17, "\0\0\0\0\0\0\0\200\0", 9)     = 9
read(17, "p", 1)                        = 1
read(17, "\376", 1)                     = 1
read(17, " ", 1)                        = 1
read(17, "F", 34)                       = 1
read(17, "\207\1\0\301\0\32\0\377\221\264N", 33) = 11
read(17, "\377\177iZ,\0\0\0h\0\0\0", 22) = 12
read(17, "\0\0\0\0\0\0\0\0\200\0", 10)  = 10
read(17, "\330", 1)                     = 1
read(17, "\376", 1)                     = 1
read(17, " ", 1)                        = 1
read(17, "F\207\1\0\301\0\32\0\0\222\264", 34) = 11
read(17, "N\377\177\266Z,\0\0\0h\0\0", 23) = 12
read(17, "\0\0\0\0\0\0\0\0\0\200\0", 11) = 11
read(17, "\373", 1)                     = 1
read(17, "\376", 1)                     = 1
read(17, " ", 1)                        = 1
read(17, "F\207\1\0\301\0\32\0\1\222", 34) = 10
read(17, "\264N\377\177\\Z,\0\0\0h\0", 24) = 12
read(17, "\0\0\0\0\0\0\0\0\0\0\200\0", 12) = 12
read(17, "\20", 1)                      = 1
write(17, "\376\1&\6\0!", 6)            = 6
read(17, "\376", 1)                     = 1
read(17, "\t", 1)                       = 1
read(17, "f\6\0\tJ\0", 11)              = 6
read(17, "k\5\0\1N", 5)                 = 5
read(17, "\v", 1)                       = 1
write(17, "\376\3&\10\374\377\377\321", 8) = 8
read(17, "\376", 1)                     = 1
read(17, "\1", 1)                       = 1
read(17, "f\10\0", 3)                   = 3
read(17, "o", 1)                        = 1
read(17, "\376", 1)                     = 1
read(17, "\3", 1)                       = 1
read(17, "E\266\1\0\0", 5)              = 5
read(17, "\361", 1)                     = 1
read(17, "\376", 1)                     = 1
read(17, " ", 1)                        = 1
read(17, "F\207\1\0\301\0\32\0\2\222\264N\377\177\244Z,\0\0\0h\0\0\0\0\0\0\0\0\0\0\0\200\0", 34) = 34
read(17, "\353", 1)                     = 1
read(17, "\376", 1)                     = 1
read(17, " ", 1)                        = 1
read(17, "F\207\1\0\301\0\32\0\3\222\264N\377\177uZ,\0\0\0h\0\0\0\0\0\0\0\0\0\0\0\200\0", 34) = 34
read(17, ";", 1)                        = 1
read(17, "\376", 1)                     = 1
read(17, " ", 1)                        = 1
read(17, "F\207\1\0\301\0\32\0\4\222\264N\377\177\250Z,\0\0\0h\0\0\0\0\0\0\0\0\0\0\0\200\0", 34) = 34
read(17, "\341", 1)                     = 1
read(17, "\376", 1)                     = 1
read(17, " ", 1)                        = 1
read(17, "F\207\1\0\301\0\32\0\5\222\264N\377\177iZ,\0\0\0h\0\0\0\0\0\0\0\0\0\0\0\200\0", 34) = 34
read(17, "!", 1)                        = 1
read(17, "\376", 1)                     = 1
read(17, "\23", 1)                      = 1
read(17, "F\207\1\0\373\0\r\0\0\1\0\261\1-'\202\0\0K\22\0", 21) = 21
read(17, "E", 1)                        = 1
write(17, "\376\v&\3\1\0\372\0\0\0\377\3\0\261\1\231", 16) = 16
read(17, "\376", 1)                     = 1
read(17, "\0", 1)                       = 1
read(17, "f\3", 2)                      = 2
read(17, "e", 1)                        = 1
read(17, "\376", 1)                     = 1
read(17, "\2", 1)                       = 1
read(17, "F\203\0\0", 4)                = 4
read(17, "\307", 1)                     = 1
read(17, "\376", 1)                     = 1
read(17, " ", 1)                        = 1
read(17, "F\207\1\0\301\0\32\0\6\222\264N\377\177\225Z,\0\0\0h\0\0\0\0\0\0\0\0\0\0\0\200\0", 34) = 34
read(17, "\336", 1)                     = 1
write(17, "\376\1&\6\0!", 6)            = 6
read(17, "\376", 1)                     = 1
read(17, "\t", 1)                       = 1
read(17, "f\6\0\t{k\333\5\0\1", 11)     = 10
read(17, "N", 1)                        = 1
read(17, "\341", 1)                     = 1
write(17, "\376\3&\10\374\377\377\321", 8) = 8
read(17, "\376", 1)                     = 1
read(17, "\1", 1)                       = 1
read(17, "f\10\0", 3)                   = 3
read(17, "o", 1)                        = 1
read(17, "\376", 1)                     = 1
read(17, "\3", 1)                       = 1
read(17, "E\266\1\0", 5)                = 4
read(17, "\0", 1)                       = 1
read(17, "\361", 1)                     = 1
read(17, "\376", 1)                     = 1
read(17, " ", 1)                        = 1
read(17, "F\207\1\0\301\0\32\0\7\222\264N\377\177cZ,\0\0\0h\0\0\0\0\0\0\0\0\0\0\0\200\0", 34) = 34
read(17, ")", 1)                        = 1
read(17, "\376", 1)                     = 1
read(17, " ", 1)                        = 1
read(17, "F\207\1\0\301\0\32\0\10\222\264N\377\177zZ.\0\0\0i\0\0\0\0\0\0\0\0\0\0\0\200\0", 34) = 34
read(17, "<", 1)                        = 1
read(17, "\376", 1)                     = 1
read(17, " ", 1)                        = 1
read(17, "F\207\1\0\301\0\32\0\t\222\264N\377\177\212Z,\0\0\0h\0\0\0\0\0\0\0\0\0\0\0\200\0", 34) = 34
read(17, "\316", 1)                     = 1
read(17, "\376", 1)                     = 1
read(17, " ", 1)                        = 1
read(17, "F\207\1\0\301\0\32\0\n\222\264N\377\177\200Z,\0\0\0h\0\0\0\0\0\0\0\0\0\0\0\200\0", 34) = 34
read(17, "\307", 1)                     = 1
read(17, "\376", 1)                     = 1
read(17, " ", 1)                        = 1
read(17, "F\207\1\0\301\0\32\0\v\222\264N\377\177\236Z,\0\0\0h\0\0\0\0\0\0\0\0\0\0\0\200\0", 34) = 34
read(17, "\330", 1)                     = 1
write(17, "\376\1&\6\0!", 6)            = 6
read(17, "\376", 1)                     = 1
read(17, "\t", 1)                       = 1
read(17, "f\6\0\tJ\0k\5\0\1", 11)       = 10
read(17, "N", 1)                        = 1
read(17, "\v", 1)                       = 1
write(17, "\376\3&\10\374\377\377\321", 8) = 8
read(17, "\376", 1)                     = 1
read(17, "\1", 1)                       = 1
read(17, "f\10\0", 3)                   = 3
read(17, "o", 1)                        = 1
read(17, "\376", 1)                     = 1
read(17, "\3", 1)                       = 1
read(17, "E\266\1\0\0", 5)              = 5
read(17, "\361", 1)                     = 1
read(17, "\376", 1)                     = 1
read(17, " ", 1)                        = 1
read(17, "F\207\1\0\301\0\32\0\f\222\264N\377\177tZ.\0\0\0i\0\0\0\0\0\0\0\0\0\0\0\200\0", 34) = 34
read(17, "6", 1)                        = 1
read(17, "\376", 1)                     = 1
read(17, " ", 1)                        = 1
read(17, "F\207\1\0\301\0\32\0\r\222\264N\377\177\256Z,\0\0\0h\0\0\0\0\0\0\0\0\0\0\0\200\0", 34) = 34
read(17, "\356", 1)                     = 1
read(17, "\376", 1)                     = 1
read(17, " ", 1)                        = 1
read(17, "F\207\1\0\301\0\32\0\16\222\264N\377\177cZ.\0\0\0i\0\0\0\0\0\0\0\0\0\0\0\200\0", 34) = 34
read(17, "#", 1)                        = 1
read(17, "\376", 1)                     = 1
read(17, " ", 1)                        = 1
read(17, "F\207\1\0\301\0\32\0\17\222\264N\377\177\321Z,\0\0\0i\0\0\0\0\0\0\0\0\0\0\0\200\0", 34) = 34
read(17, "\222", 1)                     = 1
read(17, "\376", 1)                     = 1
read(17, "\23", 1)                      = 1
read(17, "F\207\1\0\373\0\r\0\0\1\0\261\1-'\202\0\0K\22\0", 21) = 21
read(17, "E", 1)                        = 1
write(17, "\376\v&\3\1\0\372\0\0\0\377\3\0\261\1\231", 16) = 16
read(17, "\376", 1)                     = 1
read(17, "\0", 1)                       = 1
read(17, "f\3", 2)                      = 2
read(17, "e", 1)                        = 1
read(17, "\376", 1)                     = 1
read(17, "\2", 1)                       = 1
read(17, "F\203\0", 4)                  = 3
read(17, "\0", 1)                       = 1
read(17, "\307", 1)                     = 1
read(17, "\376", 1)                     = 1
read(17, " ", 1)                        = 1
read(17, "F\207\1\0\301\0\32\0\20\222\264N\377\177vZ.\0\0\0i\0\0\0\0\0\0\0\0\0\0\0\200\0", 34) = 34
read(17, "(", 1)                        = 1
write(17, "\376\1&\6\0!", 6)            = 6
read(17, "\376", 1)                     = 1
read(17, "\t", 1)                       = 1
read(17, "f\6\0\txk\332\5\0\1", 11)     = 10
read(17, "N", 1)                        = 1
read(17, "\343", 1)                     = 1
write(17, "\376\3&\10\374\377\377\321", 8) = 8
read(17, "\376", 1)                     = 1
read(17, "\1", 1)                       = 1
read(17, "f\10\0", 3)                   = 3
read(17, "o", 1)                        = 1
read(17, "\376", 1)                     = 1
read(17, "\3", 1)                       = 1
read(17, "E\266\1\0\0", 5)              = 5
read(17, "\361", 1)                     = 1
read(17, "\376", 1)                     = 1
read(17, " ", 1)                        = 1
read(17, "F\207\1\0\301\0\32\0\21\222\264N\377\177\306Z,\0\0\0h\0\0\0\0\0\0\0\0\0\0\0\200\0", 34) = 34
read(17, "\232", 1)                     = 1
read(17, "\376", 1)                     = 1
read(17, " ", 1)                        = 1
read(17, "F\207\1\0\301\0\32\0\22\222\264N\377\177\200Z,\0\0\0h\0\0\0\0\0\0\0\0\0\0\0\200\0", 34) = 34
read(17, "\337", 1)                     = 1
read(17, "\376", 1)                     = 1
read(17, " ", 1)                        = 1
read(17, "F\207\1\0\301\0\32\0\23\222\264N\377\177\301Z,\0\0\0h\0\0\0\0\0\0\0\0\0\0\0\200\0", 34) = 34
read(17, "\237", 1)                     = 1
write(17, "\376\t&\3\1\0\2\0\4\377\377\1\0*", 14) = 14
read(17, "\376", 1)                     = 1
read(17, "\0", 1)                       = 1
read(17, "f\3", 2)                      = 2
read(17, "e", 1)                        = 1
read(17, "\376", 1)                     = 1
read(17, "\2", 1)                       = 1
read(17, "F\203\4\0", 4)                = 4
read(17, "\303", 1)                     = 1
read(17, "\376", 1)                     = 1
read(17, " ", 1)                        = 1
read(17, "F\207\1\0\301", 34)           = 5
read(17, "\0\32\0\23\222\264N\0\202\0\1\0", 29) = 12
read(17, "\0\0\0h\0\0\0\0\0\0\0", 17)   = 11
read(17, "\0\0\0\0\202\0", 6)           = 6
read(17, ")", 1)                        = 1
read(17, "\376", 1)                     = 1
read(17, " ", 1)                        = 1
read(17, "F\207\1\0\301\0\32\0\24\222\264N\377\177\202Z,\0\0\0h\0\0\0\0\0\0\0\0\0\0\0\0\0", 34) = 34
read(17, "[", 1)                        = 1
read(17, "\376", 1)                     = 1
read(17, " ", 1)                        = 1
read(17, "F\207\1\0\301\0\32\0\25\222\264N\377\177\343\3\0\0\0\0\0\0\0\0\0\0\0\0\0\0\0\0\0\0", 34) = 34
read(17, "&", 1)                        = 1
write(17, "\376\1&\6\0!", 6)            = 6
read(17, "\376", 1)                     = 1
read(17, "\t", 1)                       = 1
read(17, "f\6\0\t{j\333\5\0\0N", 11)    = 11
read(17, "\341", 1)                     = 1
write(17, "\376\3&\10\374\377\377\321", 8) = 8
read(17, "\376", 1)                     = 1
read(17, "\1", 1)                       = 1
read(17, "f\10\0", 3)                   = 3
read(17, "o", 1)                        = 1
read(17, "\376", 1)                     = 1
read(17, "\3", 1)                       = 1
read(17, "E\266\1\0\0", 5)              = 5
read(17, "\361", 1)                     = 1
read(17, "\376", 1)                     = 1
read(17, " ", 1)                        = 1
read(17, "F\207\1\0\301\0\32\0\26\222\264N\377\177(\3\0\0\0\0\0\0\0\0\0\0\0\0\0\0\0\0\0\0", 34) = 34
read(17, "\356", 1)                     = 1
write(17, "\376\t&\3\1\0\2\0\5\377\377\1\377\324", 14) = 14
read(17, "\376", 1)                     = 1
read(17, "\0", 1)   